10:20:35.213 743  [main] WARN  org.example.report.ReportService - Sending report to https://www.postman-echo.com/post
host: jasmin.com
latest ICMP ping response: icmp responseűőé
latest TCP/IP ping response: tcp response
latest trace route response:trace response
11:12:00.788 559  [main] WARN  org.example.report.ReportService - Sending report to https://www.postman-echo.com/post
host: jasmin.com
latest ICMP ping response: icmp responseűőé
latest TCP/IP ping response: tcp response
latest trace route response:trace response
11:38:46.139 433  [main] WARN  org.example.report.ReportService - Sending report to https://www.postman-echo.com/post
host: jasmin.com
latest ICMP ping response: icmp responseűőé
latest TCP/IP ping response: tcp response
latest trace route response:trace response
11:48:45.690 435  [main] WARN  org.example.report.ReportService - Sending report to https://www.postman-echo.com/post
host: jasmin.com
latest ICMP ping response: icmp responseűőé
latest TCP/IP ping response: tcp response
latest trace route response:trace response
11:38:46.139 433  [main] WARN  org.example.report.ReportService - Sending report to https://www.postman-echo.com/post
host: jasmin.com
latest ICMP ping response: icmp responseűőé
latest TCP/IP ping response: tcp response
latest trace route response:trace response
11:48:45.690 435  [main] WARN  org.example.report.ReportService - Sending report to https://www.postman-echo.com/post
host: jasmin.com
latest ICMP ping response: icmp responseűőé
latest TCP/IP ping response: tcp response
latest trace route response:trace response
12:07:50.788 435  [main] WARN  org.example.report.ReportService - Sending report to https://www.postman-echo.com/post
host: jasmin.com
latest ICMP ping response: icmp responseűőé
latest TCP/IP ping response: tcp response
latest trace route response:trace response
12:35:34.143 456  [main] WARN  org.example.report.ReportService - Sending report to https://www.postman-echo.com/post
host: jasmin.com
latest ICMP ping response: icmp responseűőé
latest TCP/IP ping response: tcp response
latest trace route response:trace response
12:35:57.747 423  [main] WARN  org.example.report.ReportService - Sending report to https://www.postman-echo.com/post
host: jasmin.com
latest ICMP ping response: icmp responseűőé
latest TCP/IP ping response: tcp response
latest trace route response:trace response
