193  [ForkJoinPool.commonPool-worker-1] ERROR org.example.IcmpPingService - Cannot run program "ping -n 1 ": CreateProcess error=2, The system cannot find the file specified
195  [main] INFO  org.example.IcmpPingService - Ping response to host: google.com
195  [ForkJoinPool.commonPool-worker-1] ERROR org.example.IcmpPingService - Cannot run program "ping -n 1 ": CreateProcess error=2, The system cannot find the file specified
195  [main] INFO  org.example.IcmpPingService - Ping response to host: oranum.com
227  [ForkJoinPool.commonPool-worker-1] ERROR org.example.IcmpPingService - Cannot run program "ping -n 1 ": CreateProcess error=2, The system cannot find the file specified
230  [main] INFO  org.example.IcmpPingService - Ping response to host: google.com
230  [ForkJoinPool.commonPool-worker-1] ERROR org.example.IcmpPingService - Cannot run program "ping -n 1 ": CreateProcess error=2, The system cannot find the file specified
231  [main] INFO  org.example.IcmpPingService - Ping response to host: oranum.com
228  [ForkJoinPool.commonPool-worker-1] ERROR org.example.IcmpPingService - Cannot run program "ping -n 1 google.com": CreateProcess error=2, The system cannot find the file specified
230  [main] INFO  org.example.IcmpPingService - Ping response to host: google.com
231  [ForkJoinPool.commonPool-worker-1] ERROR org.example.IcmpPingService - Cannot run program "ping -n 1 oranum.com": CreateProcess error=2, The system cannot find the file specified
231  [main] INFO  org.example.IcmpPingService - Ping response to host: oranum.com
248  [ForkJoinPool.commonPool-worker-1] INFO  org.example.IcmpPingService - Pinging host: google.com, command: ping -n 1 google.com
287  [ForkJoinPool.commonPool-worker-1] INFO  org.example.IcmpPingService - Normal response: Pinging google.com [142.250.179.142] with 32 bytes of data:
287  [ForkJoinPool.commonPool-worker-1] INFO  org.example.IcmpPingService - Normal response: Pinging google.com [142.250.179.142] with 32 bytes of data:
287  [ForkJoinPool.commonPool-worker-1] INFO  org.example.IcmpPingService - Normal response: Pinging google.com [142.250.179.142] with 32 bytes of data:    Packets: Sent = 1, Received = 1, Lost = 0 (0% loss),
287  [ForkJoinPool.commonPool-worker-1] INFO  org.example.IcmpPingService - Normal response: Pinging google.com [142.250.179.142] with 32 bytes of data:    Packets: Sent = 1, Received = 1, Lost = 0 (0% loss),    Minimum = 18ms, Maximum = 18ms, Average = 18ms
287  [main] INFO  org.example.IcmpPingService - Ping response to host: google.com Pinging google.com [142.250.179.142] with 32 bytes of data:    Packets: Sent = 1, Received = 1, Lost = 0 (0% loss),    Minimum = 18ms, Maximum = 18ms, Average = 18ms
291  [ForkJoinPool.commonPool-worker-1] INFO  org.example.IcmpPingService - Pinging host: oranum.com, command: ping -n 1 oranum.com
4144 [ForkJoinPool.commonPool-worker-1] INFO  org.example.IcmpPingService - Normal response: Pinging oranum.com [216.172.4.161] with 32 bytes of data:
4145 [ForkJoinPool.commonPool-worker-1] INFO  org.example.IcmpPingService - Normal response: Pinging oranum.com [216.172.4.161] with 32 bytes of data:
4145 [ForkJoinPool.commonPool-worker-1] INFO  org.example.IcmpPingService - Normal response: Pinging oranum.com [216.172.4.161] with 32 bytes of data:    Packets: Sent = 1, Received = 0, Lost = 1 (100% loss),
4145 [main] INFO  org.example.IcmpPingService - Ping response to host: oranum.com Pinging oranum.com [216.172.4.161] with 32 bytes of data:    Packets: Sent = 1, Received = 0, Lost = 1 (100% loss),
232  [ForkJoinPool.commonPool-worker-1] INFO  org.example.IcmpPingService - Pinging host: google.com, command: ping -n 1 google.com
262  [ForkJoinPool.commonPool-worker-1] INFO  org.example.IcmpPingService - Pinging host: google.com, command: ping -n 1 google.com
292  [ForkJoinPool.commonPool-worker-1] INFO  org.example.IcmpPingService - Pinging host: google.com, command: ping -n 1 google.com
320  [ForkJoinPool.commonPool-worker-1] INFO  org.example.IcmpPingService - Pinging host: google.com, command: ping -n 1 google.com
348  [ForkJoinPool.commonPool-worker-1] INFO  org.example.IcmpPingService - Pinging host: google.com, command: ping -n 1 google.com
374  [main] INFO  org.example.IcmpPingService - Ping response to host: google.com Pinging google.com [142.250.185.174] with 32 bytes of data:    Packets: Sent = 1, Received = 1, Lost = 0 (0% loss),    Minimum = 10ms, Maximum = 10ms, Average = 10msPinging google.com [142.250.185.174] with 32 bytes of data:    Packets: Sent = 1, Received = 1, Lost = 0 (0% loss),    Minimum = 9ms, Maximum = 9ms, Average = 9msPinging google.com [142.250.185.174] with 32 bytes of data:    Packets: Sent = 1, Received = 1, Lost = 0 (0% loss),    Minimum = 9ms, Maximum = 9ms, Average = 9msPinging google.com [142.250.185.174] with 32 bytes of data:    Packets: Sent = 1, Received = 1, Lost = 0 (0% loss),    Minimum = 9ms, Maximum = 9ms, Average = 9msPinging google.com [142.250.185.174] with 32 bytes of data:    Packets: Sent = 1, Received = 1, Lost = 0 (0% loss),    Minimum = 9ms, Maximum = 9ms, Average = 9ms
377  [ForkJoinPool.commonPool-worker-1] INFO  org.example.IcmpPingService - Pinging host: oranum.com, command: ping -n 1 oranum.com
4085 [ForkJoinPool.commonPool-worker-1] INFO  org.example.IcmpPingService - Pinging host: oranum.com, command: ping -n 1 oranum.com
8091 [ForkJoinPool.commonPool-worker-1] INFO  org.example.IcmpPingService - Pinging host: oranum.com, command: ping -n 1 oranum.com
12097 [ForkJoinPool.commonPool-worker-1] INFO  org.example.IcmpPingService - Pinging host: oranum.com, command: ping -n 1 oranum.com
16088 [ForkJoinPool.commonPool-worker-1] INFO  org.example.IcmpPingService - Pinging host: oranum.com, command: ping -n 1 oranum.com
20088 [main] INFO  org.example.IcmpPingService - Ping response to host: oranum.com Pinging oranum.com [216.172.4.161] with 32 bytes of data:    Packets: Sent = 1, Received = 0, Lost = 1 (100% loss),Pinging oranum.com [216.172.4.161] with 32 bytes of data:    Packets: Sent = 1, Received = 0, Lost = 1 (100% loss),Pinging oranum.com [216.172.4.161] with 32 bytes of data:    Packets: Sent = 1, Received = 0, Lost = 1 (100% loss),Pinging oranum.com [216.172.4.161] with 32 bytes of data:    Packets: Sent = 1, Received = 0, Lost = 1 (100% loss),Pinging oranum.com [216.172.4.161] with 32 bytes of data:    Packets: Sent = 1, Received = 0, Lost = 1 (100% loss),
240  [ForkJoinPool.commonPool-worker-1] INFO  org.example.IcmpPingService - Pinging host: google.com, command: ping -n 1 google.com
271  [ForkJoinPool.commonPool-worker-1] INFO  org.example.IcmpPingService - Pinging host: google.com, command: ping -n 1 google.com
300  [ForkJoinPool.commonPool-worker-1] INFO  org.example.IcmpPingService - Pinging host: google.com, command: ping -n 1 google.com
329  [ForkJoinPool.commonPool-worker-1] INFO  org.example.IcmpPingService - Pinging host: google.com, command: ping -n 1 google.com
358  [ForkJoinPool.commonPool-worker-1] INFO  org.example.IcmpPingService - Pinging host: google.com, command: ping -n 1 google.com
386  [main] INFO  org.example.IcmpPingService - Ping response to host: google.com Pinging google.com [142.250.185.174] with 32 bytes of data:    Packets: Sent = 1, Received = 1, Lost = 0 (0% loss),    Minimum = 10ms, Maximum = 10ms, Average = 10msPinging google.com [142.250.185.174] with 32 bytes of data:    Packets: Sent = 1, Received = 1, Lost = 0 (0% loss),    Minimum = 9ms, Maximum = 9ms, Average = 9msPinging google.com [142.250.185.174] with 32 bytes of data:    Packets: Sent = 1, Received = 1, Lost = 0 (0% loss),    Minimum = 9ms, Maximum = 9ms, Average = 9msPinging google.com [142.250.185.174] with 32 bytes of data:    Packets: Sent = 1, Received = 1, Lost = 0 (0% loss),    Minimum = 9ms, Maximum = 9ms, Average = 9msPinging google.com [142.250.185.174] with 32 bytes of data:    Packets: Sent = 1, Received = 1, Lost = 0 (0% loss),    Minimum = 10ms, Maximum = 10ms, Average = 10ms
389  [ForkJoinPool.commonPool-worker-1] INFO  org.example.IcmpPingService - Pinging host: oranum.com, command: ping -n 1 oranum.com
2768151 [ForkJoinPool.commonPool-worker-1] INFO  org.example.IcmpPingService - Pinging host: oranum.com, command: ping -n 1 oranum.com
247  [pool-1-thread-1] INFO  org.example.IcmpPingService - Pinging host: google.com, command: ping -n 1 google.com
276  [pool-1-thread-1] INFO  org.example.IcmpPingService - Pinging host: google.com, command: ping -n 1 google.com
306  [pool-1-thread-1] INFO  org.example.IcmpPingService - Pinging host: google.com, command: ping -n 1 google.com
336  [pool-1-thread-1] INFO  org.example.IcmpPingService - Pinging host: google.com, command: ping -n 1 google.com
367  [pool-1-thread-1] INFO  org.example.IcmpPingService - Pinging host: google.com, command: ping -n 1 google.com
393  [main] INFO  org.example.IcmpPingService - Ping response to host: google.com Pinging google.com [142.250.185.174] with 32 bytes of data:    Packets: Sent = 1, Received = 1, Lost = 0 (0% loss),    Minimum = 10ms, Maximum = 10ms, Average = 10msPinging google.com [142.250.185.174] with 32 bytes of data:    Packets: Sent = 1, Received = 1, Lost = 0 (0% loss),    Minimum = 9ms, Maximum = 9ms, Average = 9msPinging google.com [142.250.185.174] with 32 bytes of data:    Packets: Sent = 1, Received = 1, Lost = 0 (0% loss),    Minimum = 9ms, Maximum = 9ms, Average = 9msPinging google.com [142.250.185.174] with 32 bytes of data:    Packets: Sent = 1, Received = 1, Lost = 0 (0% loss),    Minimum = 11ms, Maximum = 11ms, Average = 11msPinging google.com [142.250.185.174] with 32 bytes of data:    Packets: Sent = 1, Received = 1, Lost = 0 (0% loss),    Minimum = 9ms, Maximum = 9ms, Average = 9ms
396  [pool-1-thread-2] INFO  org.example.IcmpPingService - Pinging host: oranum.com, command: ping -n 1 oranum.com
133274 [pool-1-thread-2] INFO  org.example.IcmpPingService - Pinging host: oranum.com, command: ping -n 1 oranum.com
136888 [pool-1-thread-2] INFO  org.example.IcmpPingService - Pinging host: oranum.com, command: ping -n 1 oranum.com
140881 [pool-1-thread-2] INFO  org.example.IcmpPingService - Pinging host: oranum.com, command: ping -n 1 oranum.com
144889 [pool-1-thread-2] INFO  org.example.IcmpPingService - Pinging host: oranum.com, command: ping -n 1 oranum.com
148879 [main] INFO  org.example.IcmpPingService - Ping response to host: oranum.com Pinging oranum.com [216.172.4.161] with 32 bytes of data:    Packets: Sent = 1, Received = 0, Lost = 1 (100% loss),Pinging oranum.com [216.172.4.161] with 32 bytes of data:    Packets: Sent = 1, Received = 0, Lost = 1 (100% loss),Pinging oranum.com [216.172.4.161] with 32 bytes of data:    Packets: Sent = 1, Received = 0, Lost = 1 (100% loss),Pinging oranum.com [216.172.4.161] with 32 bytes of data:    Packets: Sent = 1, Received = 0, Lost = 1 (100% loss),Pinging oranum.com [216.172.4.161] with 32 bytes of data:    Packets: Sent = 1, Received = 0, Lost = 1 (100% loss),
230  [pool-1-thread-2] INFO  org.example.IcmpPingService - Pinging host: oranum.com, command: ping -n 1 oranum.com
230  [pool-1-thread-1] INFO  org.example.IcmpPingService - Pinging host: google.com, command: ping -n 1 google.com
238  [pool-1-thread-1] INFO  org.example.IcmpPingService - Pinging host: google.com, command: ping -n 1 google.com
238  [pool-1-thread-2] INFO  org.example.IcmpPingService - Pinging host: oranum.com, command: ping -n 1 oranum.com
229  [pool-1-thread-1] INFO  org.example.IcmpPingService - Pinging host: google.com, command: ping -n 1 google.com
229  [pool-1-thread-2] INFO  org.example.IcmpPingService - Pinging host: oranum.com, command: ping -n 1 oranum.com
261  [pool-1-thread-1] INFO  org.example.IcmpPingService - Pinging host: google.com, command: ping -n 1 google.com
291  [pool-1-thread-1] INFO  org.example.IcmpPingService - Pinging host: google.com, command: ping -n 1 google.com
322  [pool-1-thread-1] INFO  org.example.IcmpPingService - Pinging host: google.com, command: ping -n 1 google.com
351  [pool-1-thread-1] INFO  org.example.IcmpPingService - Pinging host: google.com, command: ping -n 1 google.com
4045 [pool-1-thread-2] INFO  org.example.IcmpPingService - Pinging host: oranum.com, command: ping -n 1 oranum.com
8041 [pool-1-thread-2] INFO  org.example.IcmpPingService - Pinging host: oranum.com, command: ping -n 1 oranum.com
237  [pool-1-thread-1] INFO  org.example.IcmpPingService - Pinging host: google.com, command: ping -n 1 google.com
237  [pool-1-thread-2] INFO  org.example.IcmpPingService - Pinging host: oranum.com, command: ping -n 1 oranum.com
268  [pool-1-thread-1] INFO  org.example.IcmpPingService - Pinging host: google.com, command: ping -n 1 google.com
299  [pool-1-thread-1] INFO  org.example.IcmpPingService - Pinging host: google.com, command: ping -n 1 google.com
331  [pool-1-thread-1] INFO  org.example.IcmpPingService - Pinging host: google.com, command: ping -n 1 google.com
359  [pool-1-thread-1] INFO  org.example.IcmpPingService - Pinging host: google.com, command: ping -n 1 google.com
4199 [pool-1-thread-2] INFO  org.example.IcmpPingService - Pinging host: oranum.com, command: ping -n 1 oranum.com
8199 [pool-1-thread-2] INFO  org.example.IcmpPingService - Pinging host: oranum.com, command: ping -n 1 oranum.com
228  [pool-1-thread-2] INFO  org.example.IcmpPingService - Pinging host: oranum.com, command: ping -n 1 oranum.com
228  [pool-1-thread-1] INFO  org.example.IcmpPingService - Pinging host: google.com, command: ping -n 1 google.com
259  [pool-1-thread-1] INFO  org.example.IcmpPingService - Pinging host: google.com, command: ping -n 1 google.com
287  [pool-1-thread-1] INFO  org.example.IcmpPingService - Pinging host: google.com, command: ping -n 1 google.com
316  [pool-1-thread-1] INFO  org.example.IcmpPingService - Pinging host: google.com, command: ping -n 1 google.com
344  [pool-1-thread-1] INFO  org.example.IcmpPingService - Pinging host: google.com, command: ping -n 1 google.com
372  [pool-1-thread-1] INFO  org.example.IcmpPingService - Pinging host: google.com, command: ping -n 1 google.com
400  [pool-1-thread-1] INFO  org.example.IcmpPingService - Pinging host: google.com, command: ping -n 1 google.com
428  [pool-1-thread-1] INFO  org.example.IcmpPingService - Pinging host: google.com, command: ping -n 1 google.com
455  [pool-1-thread-1] INFO  org.example.IcmpPingService - Pinging host: google.com, command: ping -n 1 google.com
484  [pool-1-thread-1] INFO  org.example.IcmpPingService - Pinging host: google.com, command: ping -n 1 google.com
513  [pool-1-thread-3] INFO  org.example.IcmpPingService - Pinging host: google.com, command: ping -n 1 google.com
543  [pool-1-thread-3] INFO  org.example.IcmpPingService - Pinging host: google.com, command: ping -n 1 google.com
570  [pool-1-thread-3] INFO  org.example.IcmpPingService - Pinging host: google.com, command: ping -n 1 google.com
598  [pool-1-thread-3] INFO  org.example.IcmpPingService - Pinging host: google.com, command: ping -n 1 google.com
626  [pool-1-thread-3] INFO  org.example.IcmpPingService - Pinging host: google.com, command: ping -n 1 google.com
655  [pool-1-thread-1] INFO  org.example.IcmpPingService - Pinging host: google.com, command: ping -n 1 google.com
685  [pool-1-thread-1] INFO  org.example.IcmpPingService - Pinging host: google.com, command: ping -n 1 google.com
713  [pool-1-thread-1] INFO  org.example.IcmpPingService - Pinging host: google.com, command: ping -n 1 google.com
740  [pool-1-thread-1] INFO  org.example.IcmpPingService - Pinging host: google.com, command: ping -n 1 google.com
768  [pool-1-thread-1] INFO  org.example.IcmpPingService - Pinging host: google.com, command: ping -n 1 google.com
797  [pool-1-thread-4] INFO  org.example.IcmpPingService - Pinging host: google.com, command: ping -n 1 google.com
824  [pool-1-thread-4] INFO  org.example.IcmpPingService - Pinging host: google.com, command: ping -n 1 google.com
852  [pool-1-thread-4] INFO  org.example.IcmpPingService - Pinging host: google.com, command: ping -n 1 google.com
880  [pool-1-thread-4] INFO  org.example.IcmpPingService - Pinging host: google.com, command: ping -n 1 google.com
908  [pool-1-thread-4] INFO  org.example.IcmpPingService - Pinging host: google.com, command: ping -n 1 google.com
937  [pool-1-thread-3] INFO  org.example.IcmpPingService - Pinging host: google.com, command: ping -n 1 google.com
964  [pool-1-thread-3] INFO  org.example.IcmpPingService - Pinging host: google.com, command: ping -n 1 google.com
991  [pool-1-thread-3] INFO  org.example.IcmpPingService - Pinging host: google.com, command: ping -n 1 google.com
1019 [pool-1-thread-3] INFO  org.example.IcmpPingService - Pinging host: google.com, command: ping -n 1 google.com
1046 [pool-1-thread-3] INFO  org.example.IcmpPingService - Pinging host: google.com, command: ping -n 1 google.com
1075 [pool-1-thread-5] INFO  org.example.IcmpPingService - Pinging host: google.com, command: ping -n 1 google.com
1102 [pool-1-thread-5] INFO  org.example.IcmpPingService - Pinging host: google.com, command: ping -n 1 google.com
1132 [pool-1-thread-5] INFO  org.example.IcmpPingService - Pinging host: google.com, command: ping -n 1 google.com
1161 [pool-1-thread-5] INFO  org.example.IcmpPingService - Pinging host: google.com, command: ping -n 1 google.com
1191 [pool-1-thread-5] INFO  org.example.IcmpPingService - Pinging host: google.com, command: ping -n 1 google.com
1221 [pool-1-thread-1] INFO  org.example.IcmpPingService - Pinging host: google.com, command: ping -n 1 google.com
1251 [pool-1-thread-1] INFO  org.example.IcmpPingService - Pinging host: google.com, command: ping -n 1 google.com
1280 [pool-1-thread-1] INFO  org.example.IcmpPingService - Pinging host: google.com, command: ping -n 1 google.com
1308 [pool-1-thread-1] INFO  org.example.IcmpPingService - Pinging host: google.com, command: ping -n 1 google.com
1337 [pool-1-thread-1] INFO  org.example.IcmpPingService - Pinging host: google.com, command: ping -n 1 google.com
1367 [pool-1-thread-6] INFO  org.example.IcmpPingService - Pinging host: google.com, command: ping -n 1 google.com
1396 [pool-1-thread-6] INFO  org.example.IcmpPingService - Pinging host: google.com, command: ping -n 1 google.com
1426 [pool-1-thread-6] INFO  org.example.IcmpPingService - Pinging host: google.com, command: ping -n 1 google.com
1454 [pool-1-thread-6] INFO  org.example.IcmpPingService - Pinging host: google.com, command: ping -n 1 google.com
1482 [pool-1-thread-6] INFO  org.example.IcmpPingService - Pinging host: google.com, command: ping -n 1 google.com
1510 [pool-1-thread-6] INFO  org.example.IcmpPingService - Pinging host: google.com, command: ping -n 1 google.com
1536 [pool-1-thread-6] INFO  org.example.IcmpPingService - Pinging host: google.com, command: ping -n 1 google.com
1566 [pool-1-thread-6] INFO  org.example.IcmpPingService - Pinging host: google.com, command: ping -n 1 google.com
1595 [pool-1-thread-6] INFO  org.example.IcmpPingService - Pinging host: google.com, command: ping -n 1 google.com
1624 [pool-1-thread-6] INFO  org.example.IcmpPingService - Pinging host: google.com, command: ping -n 1 google.com
1652 [pool-1-thread-6] INFO  org.example.IcmpPingService - Pinging host: google.com, command: ping -n 1 google.com
1680 [pool-1-thread-6] INFO  org.example.IcmpPingService - Pinging host: google.com, command: ping -n 1 google.com
1707 [pool-1-thread-6] INFO  org.example.IcmpPingService - Pinging host: google.com, command: ping -n 1 google.com
1734 [pool-1-thread-6] INFO  org.example.IcmpPingService - Pinging host: google.com, command: ping -n 1 google.com
1762 [pool-1-thread-6] INFO  org.example.IcmpPingService - Pinging host: google.com, command: ping -n 1 google.com
1791 [pool-1-thread-3] INFO  org.example.IcmpPingService - Pinging host: google.com, command: ping -n 1 google.com
1822 [pool-1-thread-3] INFO  org.example.IcmpPingService - Pinging host: google.com, command: ping -n 1 google.com
1852 [pool-1-thread-3] INFO  org.example.IcmpPingService - Pinging host: google.com, command: ping -n 1 google.com
1881 [pool-1-thread-3] INFO  org.example.IcmpPingService - Pinging host: google.com, command: ping -n 1 google.com
1908 [pool-1-thread-3] INFO  org.example.IcmpPingService - Pinging host: google.com, command: ping -n 1 google.com
1936 [pool-1-thread-3] INFO  org.example.IcmpPingService - Pinging host: google.com, command: ping -n 1 google.com
1963 [pool-1-thread-3] INFO  org.example.IcmpPingService - Pinging host: google.com, command: ping -n 1 google.com
1991 [pool-1-thread-3] INFO  org.example.IcmpPingService - Pinging host: google.com, command: ping -n 1 google.com
2019 [pool-1-thread-3] INFO  org.example.IcmpPingService - Pinging host: google.com, command: ping -n 1 google.com
2048 [pool-1-thread-3] INFO  org.example.IcmpPingService - Pinging host: google.com, command: ping -n 1 google.com
2077 [pool-1-thread-3] INFO  org.example.IcmpPingService - Pinging host: google.com, command: ping -n 1 google.com
2106 [pool-1-thread-3] INFO  org.example.IcmpPingService - Pinging host: google.com, command: ping -n 1 google.com
2134 [pool-1-thread-3] INFO  org.example.IcmpPingService - Pinging host: google.com, command: ping -n 1 google.com
2162 [pool-1-thread-3] INFO  org.example.IcmpPingService - Pinging host: google.com, command: ping -n 1 google.com
2192 [pool-1-thread-3] INFO  org.example.IcmpPingService - Pinging host: google.com, command: ping -n 1 google.com
2222 [pool-1-thread-3] INFO  org.example.IcmpPingService - Pinging host: google.com, command: ping -n 1 google.com
2254 [pool-1-thread-3] INFO  org.example.IcmpPingService - Pinging host: google.com, command: ping -n 1 google.com
2286 [pool-1-thread-3] INFO  org.example.IcmpPingService - Pinging host: google.com, command: ping -n 1 google.com
2318 [pool-1-thread-3] INFO  org.example.IcmpPingService - Pinging host: google.com, command: ping -n 1 google.com
2356 [pool-1-thread-3] INFO  org.example.IcmpPingService - Pinging host: google.com, command: ping -n 1 google.com
2387 [pool-1-thread-1] INFO  org.example.IcmpPingService - Pinging host: google.com, command: ping -n 1 google.com
2417 [pool-1-thread-1] INFO  org.example.IcmpPingService - Pinging host: google.com, command: ping -n 1 google.com
2447 [pool-1-thread-1] INFO  org.example.IcmpPingService - Pinging host: google.com, command: ping -n 1 google.com
2477 [pool-1-thread-1] INFO  org.example.IcmpPingService - Pinging host: google.com, command: ping -n 1 google.com
2507 [pool-1-thread-1] INFO  org.example.IcmpPingService - Pinging host: google.com, command: ping -n 1 google.com
2535 [pool-1-thread-1] INFO  org.example.IcmpPingService - Pinging host: google.com, command: ping -n 1 google.com
2564 [pool-1-thread-1] INFO  org.example.IcmpPingService - Pinging host: google.com, command: ping -n 1 google.com
2593 [pool-1-thread-1] INFO  org.example.IcmpPingService - Pinging host: google.com, command: ping -n 1 google.com
2621 [pool-1-thread-1] INFO  org.example.IcmpPingService - Pinging host: google.com, command: ping -n 1 google.com
2650 [pool-1-thread-1] INFO  org.example.IcmpPingService - Pinging host: google.com, command: ping -n 1 google.com
2679 [pool-1-thread-1] INFO  org.example.IcmpPingService - Pinging host: google.com, command: ping -n 1 google.com
2709 [pool-1-thread-1] INFO  org.example.IcmpPingService - Pinging host: google.com, command: ping -n 1 google.com
2738 [pool-1-thread-1] INFO  org.example.IcmpPingService - Pinging host: google.com, command: ping -n 1 google.com
2765 [pool-1-thread-1] INFO  org.example.IcmpPingService - Pinging host: google.com, command: ping -n 1 google.com
2793 [pool-1-thread-1] INFO  org.example.IcmpPingService - Pinging host: google.com, command: ping -n 1 google.com
2821 [pool-1-thread-1] INFO  org.example.IcmpPingService - Pinging host: google.com, command: ping -n 1 google.com
2849 [pool-1-thread-1] INFO  org.example.IcmpPingService - Pinging host: google.com, command: ping -n 1 google.com
2884 [pool-1-thread-1] INFO  org.example.IcmpPingService - Pinging host: google.com, command: ping -n 1 google.com
2913 [pool-1-thread-1] INFO  org.example.IcmpPingService - Pinging host: google.com, command: ping -n 1 google.com
2942 [pool-1-thread-1] INFO  org.example.IcmpPingService - Pinging host: google.com, command: ping -n 1 google.com
2969 [pool-1-thread-1] INFO  org.example.IcmpPingService - Pinging host: google.com, command: ping -n 1 google.com
2998 [pool-1-thread-1] INFO  org.example.IcmpPingService - Pinging host: google.com, command: ping -n 1 google.com
3026 [pool-1-thread-1] INFO  org.example.IcmpPingService - Pinging host: google.com, command: ping -n 1 google.com
3054 [pool-1-thread-1] INFO  org.example.IcmpPingService - Pinging host: google.com, command: ping -n 1 google.com
3082 [pool-1-thread-1] INFO  org.example.IcmpPingService - Pinging host: google.com, command: ping -n 1 google.com
3113 [pool-1-thread-1] INFO  org.example.IcmpPingService - Pinging host: google.com, command: ping -n 1 google.com
3143 [pool-1-thread-1] INFO  org.example.IcmpPingService - Pinging host: google.com, command: ping -n 1 google.com
3173 [pool-1-thread-1] INFO  org.example.IcmpPingService - Pinging host: google.com, command: ping -n 1 google.com
3201 [pool-1-thread-1] INFO  org.example.IcmpPingService - Pinging host: google.com, command: ping -n 1 google.com
3229 [pool-1-thread-1] INFO  org.example.IcmpPingService - Pinging host: google.com, command: ping -n 1 google.com
3258 [pool-1-thread-1] INFO  org.example.IcmpPingService - Pinging host: google.com, command: ping -n 1 google.com
3286 [pool-1-thread-1] INFO  org.example.IcmpPingService - Pinging host: google.com, command: ping -n 1 google.com
3315 [pool-1-thread-1] INFO  org.example.IcmpPingService - Pinging host: google.com, command: ping -n 1 google.com
3346 [pool-1-thread-1] INFO  org.example.IcmpPingService - Pinging host: google.com, command: ping -n 1 google.com
3377 [pool-1-thread-1] INFO  org.example.IcmpPingService - Pinging host: google.com, command: ping -n 1 google.com
3406 [pool-1-thread-1] INFO  org.example.IcmpPingService - Pinging host: google.com, command: ping -n 1 google.com
3434 [pool-1-thread-1] INFO  org.example.IcmpPingService - Pinging host: google.com, command: ping -n 1 google.com
3462 [pool-1-thread-1] INFO  org.example.IcmpPingService - Pinging host: google.com, command: ping -n 1 google.com
3490 [pool-1-thread-1] INFO  org.example.IcmpPingService - Pinging host: google.com, command: ping -n 1 google.com
3518 [pool-1-thread-1] INFO  org.example.IcmpPingService - Pinging host: google.com, command: ping -n 1 google.com
3548 [pool-1-thread-1] INFO  org.example.IcmpPingService - Pinging host: google.com, command: ping -n 1 google.com
3577 [pool-1-thread-1] INFO  org.example.IcmpPingService - Pinging host: google.com, command: ping -n 1 google.com
3606 [pool-1-thread-1] INFO  org.example.IcmpPingService - Pinging host: google.com, command: ping -n 1 google.com
3635 [pool-1-thread-1] INFO  org.example.IcmpPingService - Pinging host: google.com, command: ping -n 1 google.com
3665 [pool-1-thread-1] INFO  org.example.IcmpPingService - Pinging host: google.com, command: ping -n 1 google.com
3695 [pool-1-thread-1] INFO  org.example.IcmpPingService - Pinging host: google.com, command: ping -n 1 google.com
3725 [pool-1-thread-1] INFO  org.example.IcmpPingService - Pinging host: google.com, command: ping -n 1 google.com
3754 [pool-1-thread-1] INFO  org.example.IcmpPingService - Pinging host: google.com, command: ping -n 1 google.com
3785 [pool-1-thread-1] INFO  org.example.IcmpPingService - Pinging host: google.com, command: ping -n 1 google.com
3814 [pool-1-thread-1] INFO  org.example.IcmpPingService - Pinging host: google.com, command: ping -n 1 google.com
3844 [pool-1-thread-1] INFO  org.example.IcmpPingService - Pinging host: google.com, command: ping -n 1 google.com
3873 [pool-1-thread-1] INFO  org.example.IcmpPingService - Pinging host: google.com, command: ping -n 1 google.com
3902 [pool-1-thread-1] INFO  org.example.IcmpPingService - Pinging host: google.com, command: ping -n 1 google.com
3929 [pool-1-thread-1] INFO  org.example.IcmpPingService - Pinging host: google.com, command: ping -n 1 google.com
3958 [pool-1-thread-1] INFO  org.example.IcmpPingService - Pinging host: google.com, command: ping -n 1 google.com
3985 [pool-1-thread-1] INFO  org.example.IcmpPingService - Pinging host: google.com, command: ping -n 1 google.com
3987 [pool-1-thread-2] INFO  org.example.IcmpPingService - Pinging host: oranum.com, command: ping -n 1 oranum.com
4017 [pool-1-thread-1] INFO  org.example.IcmpPingService - Pinging host: google.com, command: ping -n 1 google.com
4047 [pool-1-thread-1] INFO  org.example.IcmpPingService - Pinging host: google.com, command: ping -n 1 google.com
4078 [pool-1-thread-1] INFO  org.example.IcmpPingService - Pinging host: google.com, command: ping -n 1 google.com
4108 [pool-1-thread-1] INFO  org.example.IcmpPingService - Pinging host: google.com, command: ping -n 1 google.com
4139 [pool-1-thread-1] INFO  org.example.IcmpPingService - Pinging host: google.com, command: ping -n 1 google.com
4169 [pool-1-thread-1] INFO  org.example.IcmpPingService - Pinging host: google.com, command: ping -n 1 google.com
4199 [pool-1-thread-1] INFO  org.example.IcmpPingService - Pinging host: google.com, command: ping -n 1 google.com
4229 [pool-1-thread-1] INFO  org.example.IcmpPingService - Pinging host: google.com, command: ping -n 1 google.com
4260 [pool-1-thread-1] INFO  org.example.IcmpPingService - Pinging host: google.com, command: ping -n 1 google.com
4290 [pool-1-thread-1] INFO  org.example.IcmpPingService - Pinging host: google.com, command: ping -n 1 google.com
4321 [pool-1-thread-1] INFO  org.example.IcmpPingService - Pinging host: google.com, command: ping -n 1 google.com
4353 [pool-1-thread-1] INFO  org.example.IcmpPingService - Pinging host: google.com, command: ping -n 1 google.com
4384 [pool-1-thread-1] INFO  org.example.IcmpPingService - Pinging host: google.com, command: ping -n 1 google.com
4415 [pool-1-thread-1] INFO  org.example.IcmpPingService - Pinging host: google.com, command: ping -n 1 google.com
4447 [pool-1-thread-1] INFO  org.example.IcmpPingService - Pinging host: google.com, command: ping -n 1 google.com
4480 [pool-1-thread-1] INFO  org.example.IcmpPingService - Pinging host: google.com, command: ping -n 1 google.com
4513 [pool-1-thread-1] INFO  org.example.IcmpPingService - Pinging host: google.com, command: ping -n 1 google.com
4550 [pool-1-thread-1] INFO  org.example.IcmpPingService - Pinging host: google.com, command: ping -n 1 google.com
4581 [pool-1-thread-1] INFO  org.example.IcmpPingService - Pinging host: google.com, command: ping -n 1 google.com
4610 [pool-1-thread-1] INFO  org.example.IcmpPingService - Pinging host: google.com, command: ping -n 1 google.com
4640 [pool-1-thread-1] INFO  org.example.IcmpPingService - Pinging host: google.com, command: ping -n 1 google.com
4671 [pool-1-thread-1] INFO  org.example.IcmpPingService - Pinging host: google.com, command: ping -n 1 google.com
4701 [pool-1-thread-1] INFO  org.example.IcmpPingService - Pinging host: google.com, command: ping -n 1 google.com
4731 [pool-1-thread-1] INFO  org.example.IcmpPingService - Pinging host: google.com, command: ping -n 1 google.com
4763 [pool-1-thread-1] INFO  org.example.IcmpPingService - Pinging host: google.com, command: ping -n 1 google.com
4793 [pool-1-thread-1] INFO  org.example.IcmpPingService - Pinging host: google.com, command: ping -n 1 google.com
4822 [pool-1-thread-1] INFO  org.example.IcmpPingService - Pinging host: google.com, command: ping -n 1 google.com
4851 [pool-1-thread-1] INFO  org.example.IcmpPingService - Pinging host: google.com, command: ping -n 1 google.com
4882 [pool-1-thread-1] INFO  org.example.IcmpPingService - Pinging host: google.com, command: ping -n 1 google.com
4912 [pool-1-thread-1] INFO  org.example.IcmpPingService - Pinging host: google.com, command: ping -n 1 google.com
4944 [pool-1-thread-1] INFO  org.example.IcmpPingService - Pinging host: google.com, command: ping -n 1 google.com
4975 [pool-1-thread-1] INFO  org.example.IcmpPingService - Pinging host: google.com, command: ping -n 1 google.com
5006 [pool-1-thread-1] INFO  org.example.IcmpPingService - Pinging host: google.com, command: ping -n 1 google.com
5035 [pool-1-thread-1] INFO  org.example.IcmpPingService - Pinging host: google.com, command: ping -n 1 google.com
5065 [pool-1-thread-1] INFO  org.example.IcmpPingService - Pinging host: google.com, command: ping -n 1 google.com
5095 [pool-1-thread-1] INFO  org.example.IcmpPingService - Pinging host: google.com, command: ping -n 1 google.com
5125 [pool-1-thread-1] INFO  org.example.IcmpPingService - Pinging host: google.com, command: ping -n 1 google.com
5154 [pool-1-thread-1] INFO  org.example.IcmpPingService - Pinging host: google.com, command: ping -n 1 google.com
5184 [pool-1-thread-1] INFO  org.example.IcmpPingService - Pinging host: google.com, command: ping -n 1 google.com
5213 [pool-1-thread-1] INFO  org.example.IcmpPingService - Pinging host: google.com, command: ping -n 1 google.com
5245 [pool-1-thread-1] INFO  org.example.IcmpPingService - Pinging host: google.com, command: ping -n 1 google.com
5276 [pool-1-thread-1] INFO  org.example.IcmpPingService - Pinging host: google.com, command: ping -n 1 google.com
5309 [pool-1-thread-1] INFO  org.example.IcmpPingService - Pinging host: google.com, command: ping -n 1 google.com
5344 [pool-1-thread-1] INFO  org.example.IcmpPingService - Pinging host: google.com, command: ping -n 1 google.com
5376 [pool-1-thread-1] INFO  org.example.IcmpPingService - Pinging host: google.com, command: ping -n 1 google.com
5406 [pool-1-thread-1] INFO  org.example.IcmpPingService - Pinging host: google.com, command: ping -n 1 google.com
5436 [pool-1-thread-1] INFO  org.example.IcmpPingService - Pinging host: google.com, command: ping -n 1 google.com
5467 [pool-1-thread-1] INFO  org.example.IcmpPingService - Pinging host: google.com, command: ping -n 1 google.com
5497 [pool-1-thread-1] INFO  org.example.IcmpPingService - Pinging host: google.com, command: ping -n 1 google.com
5526 [pool-1-thread-1] INFO  org.example.IcmpPingService - Pinging host: google.com, command: ping -n 1 google.com
5555 [pool-1-thread-1] INFO  org.example.IcmpPingService - Pinging host: google.com, command: ping -n 1 google.com
5585 [pool-1-thread-1] INFO  org.example.IcmpPingService - Pinging host: google.com, command: ping -n 1 google.com
5614 [pool-1-thread-1] INFO  org.example.IcmpPingService - Pinging host: google.com, command: ping -n 1 google.com
5643 [pool-1-thread-1] INFO  org.example.IcmpPingService - Pinging host: google.com, command: ping -n 1 google.com
5682 [pool-1-thread-1] INFO  org.example.IcmpPingService - Pinging host: google.com, command: ping -n 1 google.com
5711 [pool-1-thread-1] INFO  org.example.IcmpPingService - Pinging host: google.com, command: ping -n 1 google.com
5742 [pool-1-thread-1] INFO  org.example.IcmpPingService - Pinging host: google.com, command: ping -n 1 google.com
5771 [pool-1-thread-1] INFO  org.example.IcmpPingService - Pinging host: google.com, command: ping -n 1 google.com
5801 [pool-1-thread-1] INFO  org.example.IcmpPingService - Pinging host: google.com, command: ping -n 1 google.com
5831 [pool-1-thread-1] INFO  org.example.IcmpPingService - Pinging host: google.com, command: ping -n 1 google.com
5861 [pool-1-thread-1] INFO  org.example.IcmpPingService - Pinging host: google.com, command: ping -n 1 google.com
5891 [pool-1-thread-1] INFO  org.example.IcmpPingService - Pinging host: google.com, command: ping -n 1 google.com
5919 [pool-1-thread-1] INFO  org.example.IcmpPingService - Pinging host: google.com, command: ping -n 1 google.com
5947 [pool-1-thread-1] INFO  org.example.IcmpPingService - Pinging host: google.com, command: ping -n 1 google.com
5977 [pool-1-thread-1] INFO  org.example.IcmpPingService - Pinging host: google.com, command: ping -n 1 google.com
6006 [pool-1-thread-1] INFO  org.example.IcmpPingService - Pinging host: google.com, command: ping -n 1 google.com
6035 [pool-1-thread-1] INFO  org.example.IcmpPingService - Pinging host: google.com, command: ping -n 1 google.com
6065 [pool-1-thread-1] INFO  org.example.IcmpPingService - Pinging host: google.com, command: ping -n 1 google.com
6094 [pool-1-thread-1] INFO  org.example.IcmpPingService - Pinging host: google.com, command: ping -n 1 google.com
6125 [pool-1-thread-1] INFO  org.example.IcmpPingService - Pinging host: google.com, command: ping -n 1 google.com
6154 [pool-1-thread-1] INFO  org.example.IcmpPingService - Pinging host: google.com, command: ping -n 1 google.com
6182 [pool-1-thread-1] INFO  org.example.IcmpPingService - Pinging host: google.com, command: ping -n 1 google.com
6210 [pool-1-thread-1] INFO  org.example.IcmpPingService - Pinging host: google.com, command: ping -n 1 google.com
6238 [pool-1-thread-1] INFO  org.example.IcmpPingService - Pinging host: google.com, command: ping -n 1 google.com
6269 [pool-1-thread-1] INFO  org.example.IcmpPingService - Pinging host: google.com, command: ping -n 1 google.com
6300 [pool-1-thread-1] INFO  org.example.IcmpPingService - Pinging host: google.com, command: ping -n 1 google.com
6333 [pool-1-thread-1] INFO  org.example.IcmpPingService - Pinging host: google.com, command: ping -n 1 google.com
6367 [pool-1-thread-1] INFO  org.example.IcmpPingService - Pinging host: google.com, command: ping -n 1 google.com
6395 [pool-1-thread-1] INFO  org.example.IcmpPingService - Pinging host: google.com, command: ping -n 1 google.com
6423 [pool-1-thread-1] INFO  org.example.IcmpPingService - Pinging host: google.com, command: ping -n 1 google.com
6451 [pool-1-thread-1] INFO  org.example.IcmpPingService - Pinging host: google.com, command: ping -n 1 google.com
6479 [pool-1-thread-1] INFO  org.example.IcmpPingService - Pinging host: google.com, command: ping -n 1 google.com
6507 [pool-1-thread-1] INFO  org.example.IcmpPingService - Pinging host: google.com, command: ping -n 1 google.com
6534 [pool-1-thread-1] INFO  org.example.IcmpPingService - Pinging host: google.com, command: ping -n 1 google.com
6562 [pool-1-thread-1] INFO  org.example.IcmpPingService - Pinging host: google.com, command: ping -n 1 google.com
6591 [pool-1-thread-1] INFO  org.example.IcmpPingService - Pinging host: google.com, command: ping -n 1 google.com
6618 [pool-1-thread-1] INFO  org.example.IcmpPingService - Pinging host: google.com, command: ping -n 1 google.com
6646 [pool-1-thread-1] INFO  org.example.IcmpPingService - Pinging host: google.com, command: ping -n 1 google.com
6673 [pool-1-thread-1] INFO  org.example.IcmpPingService - Pinging host: google.com, command: ping -n 1 google.com
6701 [pool-1-thread-1] INFO  org.example.IcmpPingService - Pinging host: google.com, command: ping -n 1 google.com
6734 [pool-1-thread-1] INFO  org.example.IcmpPingService - Pinging host: google.com, command: ping -n 1 google.com
6762 [pool-1-thread-1] INFO  org.example.IcmpPingService - Pinging host: google.com, command: ping -n 1 google.com
6790 [pool-1-thread-1] INFO  org.example.IcmpPingService - Pinging host: google.com, command: ping -n 1 google.com
6818 [pool-1-thread-1] INFO  org.example.IcmpPingService - Pinging host: google.com, command: ping -n 1 google.com
6846 [pool-1-thread-1] INFO  org.example.IcmpPingService - Pinging host: google.com, command: ping -n 1 google.com
6873 [pool-1-thread-1] INFO  org.example.IcmpPingService - Pinging host: google.com, command: ping -n 1 google.com
6901 [pool-1-thread-1] INFO  org.example.IcmpPingService - Pinging host: google.com, command: ping -n 1 google.com
6930 [pool-1-thread-1] INFO  org.example.IcmpPingService - Pinging host: google.com, command: ping -n 1 google.com
6958 [pool-1-thread-1] INFO  org.example.IcmpPingService - Pinging host: google.com, command: ping -n 1 google.com
6986 [pool-1-thread-9] INFO  org.example.IcmpPingService - Pinging host: google.com, command: ping -n 1 google.com
7014 [pool-1-thread-9] INFO  org.example.IcmpPingService - Pinging host: google.com, command: ping -n 1 google.com
7043 [pool-1-thread-9] INFO  org.example.IcmpPingService - Pinging host: google.com, command: ping -n 1 google.com
7072 [pool-1-thread-9] INFO  org.example.IcmpPingService - Pinging host: google.com, command: ping -n 1 google.com
7099 [pool-1-thread-9] INFO  org.example.IcmpPingService - Pinging host: google.com, command: ping -n 1 google.com
7127 [pool-1-thread-9] INFO  org.example.IcmpPingService - Pinging host: google.com, command: ping -n 1 google.com
7156 [pool-1-thread-9] INFO  org.example.IcmpPingService - Pinging host: google.com, command: ping -n 1 google.com
7185 [pool-1-thread-9] INFO  org.example.IcmpPingService - Pinging host: google.com, command: ping -n 1 google.com
7214 [pool-1-thread-9] INFO  org.example.IcmpPingService - Pinging host: google.com, command: ping -n 1 google.com
7243 [pool-1-thread-9] INFO  org.example.IcmpPingService - Pinging host: google.com, command: ping -n 1 google.com
7280 [pool-1-thread-9] INFO  org.example.IcmpPingService - Pinging host: google.com, command: ping -n 1 google.com
7314 [pool-1-thread-9] INFO  org.example.IcmpPingService - Pinging host: google.com, command: ping -n 1 google.com
7344 [pool-1-thread-9] INFO  org.example.IcmpPingService - Pinging host: google.com, command: ping -n 1 google.com
7373 [pool-1-thread-9] INFO  org.example.IcmpPingService - Pinging host: google.com, command: ping -n 1 google.com
7402 [pool-1-thread-9] INFO  org.example.IcmpPingService - Pinging host: google.com, command: ping -n 1 google.com
7434 [pool-1-thread-9] INFO  org.example.IcmpPingService - Pinging host: google.com, command: ping -n 1 google.com
7465 [pool-1-thread-9] INFO  org.example.IcmpPingService - Pinging host: google.com, command: ping -n 1 google.com
7494 [pool-1-thread-9] INFO  org.example.IcmpPingService - Pinging host: google.com, command: ping -n 1 google.com
7523 [pool-1-thread-9] INFO  org.example.IcmpPingService - Pinging host: google.com, command: ping -n 1 google.com
7551 [pool-1-thread-9] INFO  org.example.IcmpPingService - Pinging host: google.com, command: ping -n 1 google.com
7579 [pool-1-thread-9] INFO  org.example.IcmpPingService - Pinging host: google.com, command: ping -n 1 google.com
7608 [pool-1-thread-9] INFO  org.example.IcmpPingService - Pinging host: google.com, command: ping -n 1 google.com
7636 [pool-1-thread-9] INFO  org.example.IcmpPingService - Pinging host: google.com, command: ping -n 1 google.com
7665 [pool-1-thread-9] INFO  org.example.IcmpPingService - Pinging host: google.com, command: ping -n 1 google.com
7695 [pool-1-thread-9] INFO  org.example.IcmpPingService - Pinging host: google.com, command: ping -n 1 google.com
7724 [pool-1-thread-9] INFO  org.example.IcmpPingService - Pinging host: google.com, command: ping -n 1 google.com
7754 [pool-1-thread-9] INFO  org.example.IcmpPingService - Pinging host: google.com, command: ping -n 1 google.com
7782 [pool-1-thread-9] INFO  org.example.IcmpPingService - Pinging host: google.com, command: ping -n 1 google.com
7811 [pool-1-thread-9] INFO  org.example.IcmpPingService - Pinging host: google.com, command: ping -n 1 google.com
7839 [pool-1-thread-9] INFO  org.example.IcmpPingService - Pinging host: google.com, command: ping -n 1 google.com
7866 [pool-1-thread-9] INFO  org.example.IcmpPingService - Pinging host: google.com, command: ping -n 1 google.com
7893 [pool-1-thread-9] INFO  org.example.IcmpPingService - Pinging host: google.com, command: ping -n 1 google.com
7920 [pool-1-thread-9] INFO  org.example.IcmpPingService - Pinging host: google.com, command: ping -n 1 google.com
7947 [pool-1-thread-9] INFO  org.example.IcmpPingService - Pinging host: google.com, command: ping -n 1 google.com
7974 [pool-1-thread-9] INFO  org.example.IcmpPingService - Pinging host: google.com, command: ping -n 1 google.com
7987 [pool-1-thread-2] INFO  org.example.IcmpPingService - Pinging host: oranum.com, command: ping -n 1 oranum.com
8002 [pool-1-thread-9] INFO  org.example.IcmpPingService - Pinging host: google.com, command: ping -n 1 google.com
8030 [pool-1-thread-9] INFO  org.example.IcmpPingService - Pinging host: google.com, command: ping -n 1 google.com
8057 [pool-1-thread-9] INFO  org.example.IcmpPingService - Pinging host: google.com, command: ping -n 1 google.com
8085 [pool-1-thread-9] INFO  org.example.IcmpPingService - Pinging host: google.com, command: ping -n 1 google.com
8112 [pool-1-thread-9] INFO  org.example.IcmpPingService - Pinging host: google.com, command: ping -n 1 google.com
8140 [pool-1-thread-9] INFO  org.example.IcmpPingService - Pinging host: google.com, command: ping -n 1 google.com
8167 [pool-1-thread-9] INFO  org.example.IcmpPingService - Pinging host: google.com, command: ping -n 1 google.com
8195 [pool-1-thread-9] INFO  org.example.IcmpPingService - Pinging host: google.com, command: ping -n 1 google.com
8224 [pool-1-thread-9] INFO  org.example.IcmpPingService - Pinging host: google.com, command: ping -n 1 google.com
8252 [pool-1-thread-9] INFO  org.example.IcmpPingService - Pinging host: google.com, command: ping -n 1 google.com
8287 [pool-1-thread-9] INFO  org.example.IcmpPingService - Pinging host: google.com, command: ping -n 1 google.com
8322 [pool-1-thread-9] INFO  org.example.IcmpPingService - Pinging host: google.com, command: ping -n 1 google.com
8356 [pool-1-thread-9] INFO  org.example.IcmpPingService - Pinging host: google.com, command: ping -n 1 google.com
8385 [pool-1-thread-9] INFO  org.example.IcmpPingService - Pinging host: google.com, command: ping -n 1 google.com
8416 [pool-1-thread-9] INFO  org.example.IcmpPingService - Pinging host: google.com, command: ping -n 1 google.com
8445 [pool-1-thread-9] INFO  org.example.IcmpPingService - Pinging host: google.com, command: ping -n 1 google.com
8479 [pool-1-thread-9] INFO  org.example.IcmpPingService - Pinging host: google.com, command: ping -n 1 google.com
8515 [pool-1-thread-9] INFO  org.example.IcmpPingService - Pinging host: google.com, command: ping -n 1 google.com
8549 [pool-1-thread-9] INFO  org.example.IcmpPingService - Pinging host: google.com, command: ping -n 1 google.com
8578 [pool-1-thread-9] INFO  org.example.IcmpPingService - Pinging host: google.com, command: ping -n 1 google.com
8606 [pool-1-thread-9] INFO  org.example.IcmpPingService - Pinging host: google.com, command: ping -n 1 google.com
8636 [pool-1-thread-9] INFO  org.example.IcmpPingService - Pinging host: google.com, command: ping -n 1 google.com
8665 [pool-1-thread-9] INFO  org.example.IcmpPingService - Pinging host: google.com, command: ping -n 1 google.com
8695 [pool-1-thread-9] INFO  org.example.IcmpPingService - Pinging host: google.com, command: ping -n 1 google.com
8725 [pool-1-thread-9] INFO  org.example.IcmpPingService - Pinging host: google.com, command: ping -n 1 google.com
8754 [pool-1-thread-9] INFO  org.example.IcmpPingService - Pinging host: google.com, command: ping -n 1 google.com
8783 [pool-1-thread-9] INFO  org.example.IcmpPingService - Pinging host: google.com, command: ping -n 1 google.com
8811 [pool-1-thread-9] INFO  org.example.IcmpPingService - Pinging host: google.com, command: ping -n 1 google.com
8840 [pool-1-thread-9] INFO  org.example.IcmpPingService - Pinging host: google.com, command: ping -n 1 google.com
8870 [pool-1-thread-9] INFO  org.example.IcmpPingService - Pinging host: google.com, command: ping -n 1 google.com
8898 [pool-1-thread-9] INFO  org.example.IcmpPingService - Pinging host: google.com, command: ping -n 1 google.com
8927 [pool-1-thread-9] INFO  org.example.IcmpPingService - Pinging host: google.com, command: ping -n 1 google.com
8955 [pool-1-thread-9] INFO  org.example.IcmpPingService - Pinging host: google.com, command: ping -n 1 google.com
8983 [pool-1-thread-9] INFO  org.example.IcmpPingService - Pinging host: google.com, command: ping -n 1 google.com
9011 [pool-1-thread-9] INFO  org.example.IcmpPingService - Pinging host: google.com, command: ping -n 1 google.com
9039 [pool-1-thread-9] INFO  org.example.IcmpPingService - Pinging host: google.com, command: ping -n 1 google.com
9068 [pool-1-thread-9] INFO  org.example.IcmpPingService - Pinging host: google.com, command: ping -n 1 google.com
9095 [pool-1-thread-9] INFO  org.example.IcmpPingService - Pinging host: google.com, command: ping -n 1 google.com
9123 [pool-1-thread-9] INFO  org.example.IcmpPingService - Pinging host: google.com, command: ping -n 1 google.com
9150 [pool-1-thread-9] INFO  org.example.IcmpPingService - Pinging host: google.com, command: ping -n 1 google.com
9177 [pool-1-thread-9] INFO  org.example.IcmpPingService - Pinging host: google.com, command: ping -n 1 google.com
9204 [pool-1-thread-9] INFO  org.example.IcmpPingService - Pinging host: google.com, command: ping -n 1 google.com
9231 [pool-1-thread-9] INFO  org.example.IcmpPingService - Pinging host: google.com, command: ping -n 1 google.com
9259 [pool-1-thread-9] INFO  org.example.IcmpPingService - Pinging host: google.com, command: ping -n 1 google.com
9291 [pool-1-thread-9] INFO  org.example.IcmpPingService - Pinging host: google.com, command: ping -n 1 google.com
9319 [pool-1-thread-9] INFO  org.example.IcmpPingService - Pinging host: google.com, command: ping -n 1 google.com
9349 [pool-1-thread-9] INFO  org.example.IcmpPingService - Pinging host: google.com, command: ping -n 1 google.com
9378 [pool-1-thread-9] INFO  org.example.IcmpPingService - Pinging host: google.com, command: ping -n 1 google.com
9406 [pool-1-thread-9] INFO  org.example.IcmpPingService - Pinging host: google.com, command: ping -n 1 google.com
9435 [pool-1-thread-9] INFO  org.example.IcmpPingService - Pinging host: google.com, command: ping -n 1 google.com
9464 [pool-1-thread-9] INFO  org.example.IcmpPingService - Pinging host: google.com, command: ping -n 1 google.com
9492 [pool-1-thread-9] INFO  org.example.IcmpPingService - Pinging host: google.com, command: ping -n 1 google.com
9522 [pool-1-thread-9] INFO  org.example.IcmpPingService - Pinging host: google.com, command: ping -n 1 google.com
9549 [pool-1-thread-9] INFO  org.example.IcmpPingService - Pinging host: google.com, command: ping -n 1 google.com
9582 [pool-1-thread-9] INFO  org.example.IcmpPingService - Pinging host: google.com, command: ping -n 1 google.com
9609 [pool-1-thread-9] INFO  org.example.IcmpPingService - Pinging host: google.com, command: ping -n 1 google.com
9638 [pool-1-thread-9] INFO  org.example.IcmpPingService - Pinging host: google.com, command: ping -n 1 google.com
9666 [pool-1-thread-9] INFO  org.example.IcmpPingService - Pinging host: google.com, command: ping -n 1 google.com
9694 [pool-1-thread-9] INFO  org.example.IcmpPingService - Pinging host: google.com, command: ping -n 1 google.com
9721 [pool-1-thread-9] INFO  org.example.IcmpPingService - Pinging host: google.com, command: ping -n 1 google.com
9750 [pool-1-thread-9] INFO  org.example.IcmpPingService - Pinging host: google.com, command: ping -n 1 google.com
9778 [pool-1-thread-9] INFO  org.example.IcmpPingService - Pinging host: google.com, command: ping -n 1 google.com
9805 [pool-1-thread-9] INFO  org.example.IcmpPingService - Pinging host: google.com, command: ping -n 1 google.com
9834 [pool-1-thread-9] INFO  org.example.IcmpPingService - Pinging host: google.com, command: ping -n 1 google.com
9862 [pool-1-thread-9] INFO  org.example.IcmpPingService - Pinging host: google.com, command: ping -n 1 google.com
9890 [pool-1-thread-9] INFO  org.example.IcmpPingService - Pinging host: google.com, command: ping -n 1 google.com
9919 [pool-1-thread-9] INFO  org.example.IcmpPingService - Pinging host: google.com, command: ping -n 1 google.com
9947 [pool-1-thread-9] INFO  org.example.IcmpPingService - Pinging host: google.com, command: ping -n 1 google.com
9975 [pool-1-thread-9] INFO  org.example.IcmpPingService - Pinging host: google.com, command: ping -n 1 google.com
10004 [pool-1-thread-9] INFO  org.example.IcmpPingService - Pinging host: google.com, command: ping -n 1 google.com
10033 [pool-1-thread-9] INFO  org.example.IcmpPingService - Pinging host: google.com, command: ping -n 1 google.com
10062 [pool-1-thread-9] INFO  org.example.IcmpPingService - Pinging host: google.com, command: ping -n 1 google.com
10092 [pool-1-thread-9] INFO  org.example.IcmpPingService - Pinging host: google.com, command: ping -n 1 google.com
10121 [pool-1-thread-9] INFO  org.example.IcmpPingService - Pinging host: google.com, command: ping -n 1 google.com
10149 [pool-1-thread-9] INFO  org.example.IcmpPingService - Pinging host: google.com, command: ping -n 1 google.com
10178 [pool-1-thread-9] INFO  org.example.IcmpPingService - Pinging host: google.com, command: ping -n 1 google.com
10206 [pool-1-thread-9] INFO  org.example.IcmpPingService - Pinging host: google.com, command: ping -n 1 google.com
858589 [pool-1-thread-2] INFO  org.example.IcmpPingService - Pinging host: oranum.com, command: ping -n 1 oranum.com
802773 [pool-1-thread-2] INFO  org.example.IcmpPingService - Pinging host: oranum.com, command: ping -n 1 oranum.com
368595 [pool-1-thread-9] INFO  org.example.IcmpPingService - Pinging host: google.com, command: ping -n 1 google.com
368597 [pool-1-thread-2] INFO  org.example.IcmpPingService - Pinging host: oranum.com, command: ping -n 1 oranum.com
246  [pool-1-thread-2] INFO  org.example.IcmpPingService - Pinging host: oranum.com, command: ping -n 5 oranum.com
246  [pool-1-thread-1] INFO  org.example.IcmpPingService - Pinging host: google.com, command: ping -n 5 google.com
4330 [pool-1-thread-1] INFO  org.example.IcmpPingService - Pinging host: google.com, command: ping -n 5 google.com
8403 [pool-1-thread-1] INFO  org.example.IcmpPingService - Pinging host: google.com, command: ping -n 5 google.com
233  [pool-1-thread-1] INFO  org.example.IcmpPingService - Pinging host: google.com, command: ping -n 5 google.com
233  [pool-1-thread-2] INFO  org.example.IcmpPingService - Pinging host: oranum.com, command: ping -n 5 oranum.com
4304 [pool-1-thread-1] INFO  org.example.IcmpPingService - Pinging host: google.com, command: ping -n 5 google.com
8365 [pool-1-thread-1] INFO  org.example.IcmpPingService - Pinging host: google.com, command: ping -n 5 google.com
12434 [pool-1-thread-1] INFO  org.example.IcmpPingService - Pinging host: google.com, command: ping -n 5 google.com
16496 [pool-1-thread-1] INFO  org.example.IcmpPingService - Pinging host: google.com, command: ping -n 5 google.com
20568 [pool-1-thread-1] INFO  org.example.IcmpPingService - Pinging host: google.com, command: ping -n 5 google.com
24263 [pool-1-thread-2] INFO  org.example.IcmpPingService - Pinging host: oranum.com, command: ping -n 5 oranum.com
24627 [pool-1-thread-1] INFO  org.example.IcmpPingService - Pinging host: google.com, command: ping -n 5 google.com
28705 [pool-1-thread-1] INFO  org.example.IcmpPingService - Pinging host: google.com, command: ping -n 5 google.com
32773 [pool-1-thread-1] INFO  org.example.IcmpPingService - Pinging host: google.com, command: ping -n 5 google.com
36840 [pool-1-thread-1] INFO  org.example.IcmpPingService - Pinging host: google.com, command: ping -n 5 google.com
40902 [pool-1-thread-1] INFO  org.example.IcmpPingService - Pinging host: google.com, command: ping -n 5 google.com
44967 [pool-1-thread-1] INFO  org.example.IcmpPingService - Pinging host: google.com, command: ping -n 5 google.com
48251 [pool-1-thread-2] INFO  org.example.IcmpPingService - Pinging host: oranum.com, command: ping -n 5 oranum.com
49019 [pool-1-thread-1] INFO  org.example.IcmpPingService - Pinging host: google.com, command: ping -n 5 google.com
53082 [pool-1-thread-1] INFO  org.example.IcmpPingService - Pinging host: google.com, command: ping -n 5 google.com
57162 [pool-1-thread-1] INFO  org.example.IcmpPingService - Pinging host: google.com, command: ping -n 5 google.com
61236 [pool-1-thread-1] INFO  org.example.IcmpPingService - Pinging host: google.com, command: ping -n 5 google.com
65287 [pool-1-thread-1] INFO  org.example.IcmpPingService - Pinging host: google.com, command: ping -n 5 google.com
69347 [pool-1-thread-1] INFO  org.example.IcmpPingService - Pinging host: google.com, command: ping -n 5 google.com
72253 [pool-1-thread-2] INFO  org.example.IcmpPingService - Pinging host: oranum.com, command: ping -n 5 oranum.com
73410 [pool-1-thread-1] INFO  org.example.IcmpPingService - Pinging host: google.com, command: ping -n 5 google.com
77468 [pool-1-thread-1] INFO  org.example.IcmpPingService - Pinging host: google.com, command: ping -n 5 google.com
81554 [pool-1-thread-1] INFO  org.example.IcmpPingService - Pinging host: google.com, command: ping -n 5 google.com
85627 [pool-1-thread-1] INFO  org.example.IcmpPingService - Pinging host: google.com, command: ping -n 5 google.com
